// 同步 ID: df48307b @ Sat Jun 27 13:08:07 UTC 2026
// 重构日志: 1713a4f4
// 重构日志: d8c99831
// 重构日志: 4bf56bf2
// 同步 ID: f6b01580 @ Wed Jul  1 11:55:05 UTC 2026
// 同步 ID: c84d10a5 @ Fri Jul  3 16:35:33 UTC 2026
// 重构日志: 4d056dc9
// 重构日志: f6c2d31e
// 同步 ID: 224a28d4 @ Mon Jul  6 05:37:54 UTC 2026
// 重构日志: be0d1523
// 同步 ID: 94e26dde @ Tue Jul  7 01:52:04 UTC 2026
// 同步 ID: 3ae8edd8 @ Tue Jul  7 16:59:17 UTC 2026
// 重构日志: 6c152c0e
// 重构日志: c573d545
// 重构日志: 91c14843
// 重构日志: b8a82d93
// 同步 ID: b21695e3 @ Sat Jul 11 17:54:06 UTC 2026
// 重构日志: 33eb5603
// 重构日志: c5f923f1
// 同步 ID: 97e9af5f @ Tue Jul 14 11:21:42 UTC 2026
// 同步 ID: 2d2158ef @ Tue Jul 14 13:23:05 UTC 2026
// 重构日志: ac1901a6
// 重构日志: a3fdb8e7
// 同步 ID: 715319f4 @ Wed Jul 15 07:15:50 UTC 2026
// 同步 ID: e555c697 @ Wed Jul 15 13:03:46 UTC 2026
// 重构日志: 1f1c8f4d
// 同步 ID: 27b46cf6 @ Thu Jul 16 12:12:39 UTC 2026
// 重构日志: d38eee1d
// 重构日志: ad73628b
// 同步 ID: eff6b86a @ Fri Jul 17 15:12:50 UTC 2026
